2025-05-12 18:19:01 INFO  [main] c.g.m.g.GymmanagerApplication - Starting GymmanagerApplication using Java 23.0.2 with PID 14404 (C:\Autodesk\Java\gymmanager\target\classes started by user in C:\Autodesk\Java\gymmanager)
2025-05-12 18:19:01 DEBUG [main] c.g.m.g.GymmanagerApplication - Running with Spring Boot v3.4.4, Spring v6.2.5
2025-05-12 18:19:01 INFO  [main] c.g.m.g.GymmanagerApplication - No active profile set, falling back to 1 default profile: "default"
2025-05-12 18:19:03 INFO  [main] o.s.d.r.c.RepositoryConfigurationDelegate - Bootstrapping Spring Data JPA repositories in DEFAULT mode.
2025-05-12 18:19:03 INFO  [main] o.s.d.r.c.RepositoryConfigurationDelegate - Finished Spring Data repository scanning in 110 ms. Found 4 JPA repository interfaces.
2025-05-12 18:19:05 INFO  [main] o.s.b.w.e.tomcat.TomcatWebServer - Tomcat initialized with port 8080 (http)
2025-05-12 18:19:05 INFO  [main] o.s.b.w.s.c.ServletWebServerApplicationContext - Root WebApplicationContext: initialization completed in 4224 ms
2025-05-12 18:19:05 INFO  [main] o.h.jpa.internal.util.LogHelper - HHH000204: Processing PersistenceUnitInfo [name: default]
2025-05-12 18:19:06 INFO  [main] org.hibernate.Version - HHH000412: Hibernate ORM core version 6.6.11.Final
2025-05-12 18:19:06 INFO  [main] o.h.c.i.RegionFactoryInitiator - HHH000026: Second-level cache disabled
2025-05-12 18:19:06 INFO  [main] o.s.o.j.p.SpringPersistenceUnitInfo - No LoadTimeWeaver setup: ignoring JPA class transformer
2025-05-12 18:19:07 INFO  [main] com.zaxxer.hikari.HikariDataSource - GymManagerHikariPool - Starting...
2025-05-12 18:19:07 INFO  [main] com.zaxxer.hikari.pool.HikariPool - GymManagerHikariPool - Added connection org.postgresql.jdbc.PgConnection@312f3050
2025-05-12 18:19:08 INFO  [main] com.zaxxer.hikari.HikariDataSource - GymManagerHikariPool - Start completed.
2025-05-12 18:19:10 WARN  [main] org.hibernate.orm.deprecation - HHH90000025: PostgreSQLDialect does not need to be specified explicitly using 'hibernate.dialect' (remove the property setting and it will be selected by default)
2025-05-12 18:19:10 INFO  [main] o.hibernate.orm.connections.pooling - HHH10001005: Database info:
	Database JDBC URL [Connecting through datasource 'HikariDataSource (GymManagerHikariPool)']
	Database driver: undefined/unknown
	Database version: 17.4
	Autocommit mode: undefined/unknown
	Isolation level: undefined/unknown
	Minimum pool size: undefined/unknown
	Maximum pool size: undefined/unknown
2025-05-12 18:19:12 INFO  [main] o.h.e.t.j.p.i.JtaPlatformInitiator - HHH000489: No JTA platform available (set 'hibernate.transaction.jta.platform' to enable JTA platform integration)
2025-05-12 18:19:13 INFO  [main] o.s.o.j.LocalContainerEntityManagerFactoryBean - Initialized JPA EntityManagerFactory for persistence unit 'default'
2025-05-12 18:19:13 INFO  [main] o.s.d.j.r.query.QueryEnhancerFactory - Hibernate is in classpath; If applicable, HQL parser will be used.
2025-05-12 18:19:14 WARN  [main] o.s.b.a.o.j.JpaBaseConfiguration$JpaWebConfiguration - spring.jpa.open-in-view is enabled by default. Therefore, database queries may be performed during view rendering. Explicitly configure spring.jpa.open-in-view to disable this warning
2025-05-12 18:19:14 INFO  [main] o.s.v.b.OptionalValidatorFactoryBean - Failed to set up a Bean Validation provider: jakarta.validation.NoProviderFoundException: Unable to create a Configuration, because no Jakarta Bean Validation provider could be found. Add a provider like Hibernate Validator (RI) to your classpath.
2025-05-12 18:19:15 INFO  [main] o.s.b.w.e.tomcat.TomcatWebServer - Tomcat started on port 8080 (http) with context path '/'
2025-05-12 18:19:15 INFO  [main] c.g.m.g.GymmanagerApplication - Started GymmanagerApplication in 16.082 seconds (process running for 17.554)
2025-05-12 18:19:55 INFO  [http-nio-8080-exec-1] o.s.web.servlet.DispatcherServlet - Initializing Servlet 'dispatcherServlet'
2025-05-12 18:19:55 INFO  [http-nio-8080-exec-1] o.s.web.servlet.DispatcherServlet - Completed initialization in 32 ms
2025-05-12 18:19:55 INFO  [http-nio-8080-exec-1] c.g.m.g.logging.LoggingAspect - Вызов метода: startAsyncLogCreation с аргументами: [2025-04-27]
2025-05-12 18:19:55 INFO  [http-nio-8080-exec-1] c.g.m.g.logging.LoggingAspect - Метод startAsyncLogCreation успешно завершен. Возвращено: 40777b81-3271-4dda-bed8-13e34797dbcc
2025-05-12 18:20:11 INFO  [http-nio-8080-exec-3] c.g.m.g.logging.LoggingAspect - Вызов метода: getTaskStatus с аргументами: [40777b81-3271-4dda-bed8-13e34797dbcc]
2025-05-12 18:20:11 INFO  [http-nio-8080-exec-3] c.g.m.g.logging.LoggingAspect - Метод getTaskStatus успешно завершен. Возвращено: com.gym.management.gymmanager.logging.AsyncLogTask@76d89907
2025-05-12 18:26:03 INFO  [SpringApplicationShutdownHook] o.s.b.w.e.tomcat.GracefulShutdown - Commencing graceful shutdown. Waiting for active requests to complete
2025-05-12 18:26:03 INFO  [tomcat-shutdown] o.s.b.w.e.tomcat.GracefulShutdown - Graceful shutdown complete
2025-05-12 18:26:03 INFO  [SpringApplicationShutdownHook] o.s.o.j.LocalContainerEntityManagerFactoryBean - Closing JPA EntityManagerFactory for persistence unit 'default'
2025-05-12 18:26:03 INFO  [SpringApplicationShutdownHook] com.zaxxer.hikari.HikariDataSource - GymManagerHikariPool - Shutdown initiated...
2025-05-12 18:26:03 INFO  [SpringApplicationShutdownHook] com.zaxxer.hikari.HikariDataSource - GymManagerHikariPool - Shutdown completed.
