2025-05-03 15:44:25 INFO  [main] c.g.m.g.GymmanagerApplication - Starting GymmanagerApplication using Java 23.0.2 with PID 15988 (C:\Autodesk\Java\gymmanager\target\classes started by user in C:\Autodesk\Java\gymmanager)
2025-05-03 15:44:25 DEBUG [main] c.g.m.g.GymmanagerApplication - Running with Spring Boot v3.4.4, Spring v6.2.5
2025-05-03 15:44:25 INFO  [main] c.g.m.g.GymmanagerApplication - No active profile set, falling back to 1 default profile: "default"
2025-05-03 15:44:26 INFO  [main] o.s.d.r.c.RepositoryConfigurationDelegate - Bootstrapping Spring Data JPA repositories in DEFAULT mode.
2025-05-03 15:44:26 INFO  [main] o.s.d.r.c.RepositoryConfigurationDelegate - Finished Spring Data repository scanning in 71 ms. Found 4 JPA repository interfaces.
2025-05-03 15:44:27 INFO  [main] o.s.b.w.e.tomcat.TomcatWebServer - Tomcat initialized with port 8080 (http)
2025-05-03 15:44:27 INFO  [main] o.s.b.w.s.c.ServletWebServerApplicationContext - Root WebApplicationContext: initialization completed in 2008 ms
2025-05-03 15:44:27 INFO  [main] o.h.jpa.internal.util.LogHelper - HHH000204: Processing PersistenceUnitInfo [name: default]
2025-05-03 15:44:27 INFO  [main] org.hibernate.Version - HHH000412: Hibernate ORM core version 6.6.11.Final
2025-05-03 15:44:27 INFO  [main] o.h.c.i.RegionFactoryInitiator - HHH000026: Second-level cache disabled
2025-05-03 15:44:28 INFO  [main] o.s.o.j.p.SpringPersistenceUnitInfo - No LoadTimeWeaver setup: ignoring JPA class transformer
2025-05-03 15:44:28 INFO  [main] com.zaxxer.hikari.HikariDataSource - GymManagerHikariPool - Starting...
2025-05-03 15:44:28 INFO  [main] com.zaxxer.hikari.pool.HikariPool - GymManagerHikariPool - Added connection org.postgresql.jdbc.PgConnection@6dbb3d7d
2025-05-03 15:44:28 INFO  [main] com.zaxxer.hikari.HikariDataSource - GymManagerHikariPool - Start completed.
2025-05-03 15:44:28 WARN  [main] org.hibernate.orm.deprecation - HHH90000025: PostgreSQLDialect does not need to be specified explicitly using 'hibernate.dialect' (remove the property setting and it will be selected by default)
2025-05-03 15:44:28 INFO  [main] o.hibernate.orm.connections.pooling - HHH10001005: Database info:
	Database JDBC URL [Connecting through datasource 'HikariDataSource (GymManagerHikariPool)']
	Database driver: undefined/unknown
	Database version: 17.4
	Autocommit mode: undefined/unknown
	Isolation level: undefined/unknown
	Minimum pool size: undefined/unknown
	Maximum pool size: undefined/unknown
2025-05-03 15:44:29 INFO  [main] o.h.e.t.j.p.i.JtaPlatformInitiator - HHH000489: No JTA platform available (set 'hibernate.transaction.jta.platform' to enable JTA platform integration)
2025-05-03 15:44:30 INFO  [main] o.s.o.j.LocalContainerEntityManagerFactoryBean - Initialized JPA EntityManagerFactory for persistence unit 'default'
2025-05-03 15:44:30 INFO  [main] o.s.d.j.r.query.QueryEnhancerFactory - Hibernate is in classpath; If applicable, HQL parser will be used.
2025-05-03 15:44:31 WARN  [main] o.s.b.a.o.j.JpaBaseConfiguration$JpaWebConfiguration - spring.jpa.open-in-view is enabled by default. Therefore, database queries may be performed during view rendering. Explicitly configure spring.jpa.open-in-view to disable this warning
2025-05-03 15:44:31 INFO  [main] o.s.v.b.OptionalValidatorFactoryBean - Failed to set up a Bean Validation provider: jakarta.validation.NoProviderFoundException: Unable to create a Configuration, because no Jakarta Bean Validation provider could be found. Add a provider like Hibernate Validator (RI) to your classpath.
2025-05-03 15:44:32 INFO  [main] o.s.b.w.e.tomcat.TomcatWebServer - Tomcat started on port 8080 (http) with context path '/'
2025-05-03 15:44:32 INFO  [main] c.g.m.g.GymmanagerApplication - Started GymmanagerApplication in 8.414 seconds (process running for 9.84)
2025-05-03 15:45:52 INFO  [http-nio-8080-exec-7] o.s.web.servlet.DispatcherServlet - Initializing Servlet 'dispatcherServlet'
2025-05-03 15:45:52 INFO  [http-nio-8080-exec-7] o.s.web.servlet.DispatcherServlet - Completed initialization in 2 ms
2025-05-03 15:45:52 INFO  [http-nio-8080-exec-7] c.g.m.g.logging.LoggingAspect - Вызов метода: increment с аргументами: []
2025-05-03 15:45:52 INFO  [http-nio-8080-exec-7] c.g.m.g.logging.LoggingAspect - Метод increment успешно завершен. Возвращено: null
2025-05-03 15:48:17 INFO  [http-nio-8080-exec-2] c.g.m.g.logging.LoggingAspect - Вызов метода: startAsyncLogCreation с аргументами: [2025-04-27]
2025-05-03 15:48:17 INFO  [http-nio-8080-exec-2] c.g.m.g.logging.LoggingAspect - Метод startAsyncLogCreation успешно завершен. Возвращено: 1c5a3f02-9f7c-4e5c-9887-11c8c5e2f711
2025-05-03 15:49:07 INFO  [http-nio-8080-exec-8] c.g.m.g.logging.LoggingAspect - Вызов метода: getTaskStatus с аргументами: [1c5a3f02-9f7c-4e5c-9887-11c8c5e2f711]
2025-05-03 15:49:07 INFO  [http-nio-8080-exec-8] c.g.m.g.logging.LoggingAspect - Метод getTaskStatus успешно завершен. Возвращено: com.gym.management.gymmanager.logging.AsyncLogTask@77482a73
2025-05-03 15:50:01 INFO  [http-nio-8080-exec-10] c.g.m.g.logging.LoggingAspect - Вызов метода: getLogFileByTaskId с аргументами: [1c5a3f02-9f7c-4e5c-9887-11c8c5e2f711]
2025-05-03 15:50:01 INFO  [http-nio-8080-exec-10] c.g.m.g.logging.LoggingAspect - Метод getLogFileByTaskId успешно завершен. Возвращено: C:\Users\user\AppData\Local\Temp\filtered-log-2446478605128676959.log
2025-05-03 15:52:49 INFO  [http-nio-8080-exec-4] c.g.m.g.logging.LoggingAspect - Вызов метода: getLogFileByTaskId с аргументами: [1c5a3f02-9f7c-4e5c-9887-11c8c5e2f711]
2025-05-03 15:52:49 INFO  [http-nio-8080-exec-4] c.g.m.g.logging.LoggingAspect - Метод getLogFileByTaskId успешно завершен. Возвращено: C:\Users\user\AppData\Local\Temp\filtered-log-2446478605128676959.log
2025-05-03 15:54:37 INFO  [http-nio-8080-exec-2] c.g.m.g.logging.LoggingAspect - Вызов метода: getLogFileByTaskId с аргументами: [1c5a3f02-9f7c-4e5c-9887-11c8c5e2f711]
2025-05-03 15:54:37 INFO  [http-nio-8080-exec-2] c.g.m.g.logging.LoggingAspect - Метод getLogFileByTaskId успешно завершен. Возвращено: C:\Users\user\AppData\Local\Temp\filtered-log-2446478605128676959.log
2025-05-03 16:00:36 INFO  [SpringApplicationShutdownHook] o.s.b.w.e.tomcat.GracefulShutdown - Commencing graceful shutdown. Waiting for active requests to complete
2025-05-03 16:00:37 INFO  [tomcat-shutdown] o.s.b.w.e.tomcat.GracefulShutdown - Graceful shutdown complete
2025-05-03 16:00:37 INFO  [SpringApplicationShutdownHook] o.s.o.j.LocalContainerEntityManagerFactoryBean - Closing JPA EntityManagerFactory for persistence unit 'default'
2025-05-03 16:00:37 INFO  [SpringApplicationShutdownHook] com.zaxxer.hikari.HikariDataSource - GymManagerHikariPool - Shutdown initiated...
2025-05-03 16:00:37 INFO  [SpringApplicationShutdownHook] com.zaxxer.hikari.HikariDataSource - GymManagerHikariPool - Shutdown completed.
2025-05-03 16:00:43 INFO  [main] c.g.m.g.GymmanagerApplication - Starting GymmanagerApplication using Java 23.0.2 with PID 10472 (C:\Autodesk\Java\gymmanager\target\classes started by user in C:\Autodesk\Java\gymmanager)
2025-05-03 16:00:43 DEBUG [main] c.g.m.g.GymmanagerApplication - Running with Spring Boot v3.4.4, Spring v6.2.5
2025-05-03 16:00:43 INFO  [main] c.g.m.g.GymmanagerApplication - No active profile set, falling back to 1 default profile: "default"
2025-05-03 16:00:44 INFO  [main] o.s.d.r.c.RepositoryConfigurationDelegate - Bootstrapping Spring Data JPA repositories in DEFAULT mode.
2025-05-03 16:00:44 INFO  [main] o.s.d.r.c.RepositoryConfigurationDelegate - Finished Spring Data repository scanning in 60 ms. Found 4 JPA repository interfaces.
2025-05-03 16:00:45 INFO  [main] o.s.b.w.e.tomcat.TomcatWebServer - Tomcat initialized with port 8080 (http)
2025-05-03 16:00:45 INFO  [main] o.s.b.w.s.c.ServletWebServerApplicationContext - Root WebApplicationContext: initialization completed in 1978 ms
2025-05-03 16:00:45 INFO  [main] o.h.jpa.internal.util.LogHelper - HHH000204: Processing PersistenceUnitInfo [name: default]
2025-05-03 16:00:45 INFO  [main] org.hibernate.Version - HHH000412: Hibernate ORM core version 6.6.11.Final
2025-05-03 16:00:45 INFO  [main] o.h.c.i.RegionFactoryInitiator - HHH000026: Second-level cache disabled
2025-05-03 16:00:45 INFO  [main] o.s.o.j.p.SpringPersistenceUnitInfo - No LoadTimeWeaver setup: ignoring JPA class transformer
2025-05-03 16:00:45 INFO  [main] com.zaxxer.hikari.HikariDataSource - GymManagerHikariPool - Starting...
2025-05-03 16:00:46 INFO  [main] com.zaxxer.hikari.pool.HikariPool - GymManagerHikariPool - Added connection org.postgresql.jdbc.PgConnection@cef885d
2025-05-03 16:00:46 INFO  [main] com.zaxxer.hikari.HikariDataSource - GymManagerHikariPool - Start completed.
2025-05-03 16:00:46 WARN  [main] org.hibernate.orm.deprecation - HHH90000025: PostgreSQLDialect does not need to be specified explicitly using 'hibernate.dialect' (remove the property setting and it will be selected by default)
2025-05-03 16:00:46 INFO  [main] o.hibernate.orm.connections.pooling - HHH10001005: Database info:
	Database JDBC URL [Connecting through datasource 'HikariDataSource (GymManagerHikariPool)']
	Database driver: undefined/unknown
	Database version: 17.4
	Autocommit mode: undefined/unknown
	Isolation level: undefined/unknown
	Minimum pool size: undefined/unknown
	Maximum pool size: undefined/unknown
2025-05-03 16:00:47 INFO  [main] o.h.e.t.j.p.i.JtaPlatformInitiator - HHH000489: No JTA platform available (set 'hibernate.transaction.jta.platform' to enable JTA platform integration)
2025-05-03 16:00:47 INFO  [main] o.s.o.j.LocalContainerEntityManagerFactoryBean - Initialized JPA EntityManagerFactory for persistence unit 'default'
2025-05-03 16:00:48 INFO  [main] o.s.d.j.r.query.QueryEnhancerFactory - Hibernate is in classpath; If applicable, HQL parser will be used.
2025-05-03 16:00:49 WARN  [main] o.s.b.a.o.j.JpaBaseConfiguration$JpaWebConfiguration - spring.jpa.open-in-view is enabled by default. Therefore, database queries may be performed during view rendering. Explicitly configure spring.jpa.open-in-view to disable this warning
2025-05-03 16:00:49 INFO  [main] o.s.v.b.OptionalValidatorFactoryBean - Failed to set up a Bean Validation provider: jakarta.validation.NoProviderFoundException: Unable to create a Configuration, because no Jakarta Bean Validation provider could be found. Add a provider like Hibernate Validator (RI) to your classpath.
2025-05-03 16:00:49 INFO  [main] o.s.b.w.e.tomcat.TomcatWebServer - Tomcat started on port 8080 (http) with context path '/'
2025-05-03 16:00:49 INFO  [main] c.g.m.g.GymmanagerApplication - Started GymmanagerApplication in 7.364 seconds (process running for 9.246)
2025-05-03 16:01:01 INFO  [SpringApplicationShutdownHook] o.s.b.w.e.tomcat.GracefulShutdown - Commencing graceful shutdown. Waiting for active requests to complete
2025-05-03 16:01:01 INFO  [tomcat-shutdown] o.s.b.w.e.tomcat.GracefulShutdown - Graceful shutdown complete
2025-05-03 16:01:01 INFO  [SpringApplicationShutdownHook] o.s.o.j.LocalContainerEntityManagerFactoryBean - Closing JPA EntityManagerFactory for persistence unit 'default'
2025-05-03 16:01:01 INFO  [SpringApplicationShutdownHook] com.zaxxer.hikari.HikariDataSource - GymManagerHikariPool - Shutdown initiated...
2025-05-03 16:01:01 INFO  [SpringApplicationShutdownHook] com.zaxxer.hikari.HikariDataSource - GymManagerHikariPool - Shutdown completed.
2025-05-03 16:02:31 INFO  [main] c.g.m.g.GymmanagerApplication - Starting GymmanagerApplication using Java 23.0.2 with PID 1336 (C:\Autodesk\Java\gymmanager\target\classes started by user in C:\Autodesk\Java\gymmanager)
2025-05-03 16:02:31 DEBUG [main] c.g.m.g.GymmanagerApplication - Running with Spring Boot v3.4.4, Spring v6.2.5
2025-05-03 16:02:31 INFO  [main] c.g.m.g.GymmanagerApplication - No active profile set, falling back to 1 default profile: "default"
2025-05-03 16:02:31 INFO  [main] o.s.d.r.c.RepositoryConfigurationDelegate - Bootstrapping Spring Data JPA repositories in DEFAULT mode.
2025-05-03 16:02:31 INFO  [main] o.s.d.r.c.RepositoryConfigurationDelegate - Finished Spring Data repository scanning in 58 ms. Found 4 JPA repository interfaces.
2025-05-03 16:02:32 INFO  [main] o.s.b.w.e.tomcat.TomcatWebServer - Tomcat initialized with port 8080 (http)
2025-05-03 16:02:32 INFO  [main] o.s.b.w.s.c.ServletWebServerApplicationContext - Root WebApplicationContext: initialization completed in 1622 ms
2025-05-03 16:02:32 INFO  [main] o.h.jpa.internal.util.LogHelper - HHH000204: Processing PersistenceUnitInfo [name: default]
2025-05-03 16:02:32 INFO  [main] org.hibernate.Version - HHH000412: Hibernate ORM core version 6.6.11.Final
2025-05-03 16:02:33 INFO  [main] o.h.c.i.RegionFactoryInitiator - HHH000026: Second-level cache disabled
2025-05-03 16:02:33 INFO  [main] o.s.o.j.p.SpringPersistenceUnitInfo - No LoadTimeWeaver setup: ignoring JPA class transformer
2025-05-03 16:02:33 INFO  [main] com.zaxxer.hikari.HikariDataSource - GymManagerHikariPool - Starting...
2025-05-03 16:02:33 INFO  [main] com.zaxxer.hikari.pool.HikariPool - GymManagerHikariPool - Added connection org.postgresql.jdbc.PgConnection@13dd7887
2025-05-03 16:02:33 INFO  [main] com.zaxxer.hikari.HikariDataSource - GymManagerHikariPool - Start completed.
2025-05-03 16:02:34 WARN  [main] org.hibernate.orm.deprecation - HHH90000025: PostgreSQLDialect does not need to be specified explicitly using 'hibernate.dialect' (remove the property setting and it will be selected by default)
2025-05-03 16:02:34 INFO  [main] o.hibernate.orm.connections.pooling - HHH10001005: Database info:
	Database JDBC URL [Connecting through datasource 'HikariDataSource (GymManagerHikariPool)']
	Database driver: undefined/unknown
	Database version: 17.4
	Autocommit mode: undefined/unknown
	Isolation level: undefined/unknown
	Minimum pool size: undefined/unknown
	Maximum pool size: undefined/unknown
2025-05-03 16:02:35 INFO  [main] o.h.e.t.j.p.i.JtaPlatformInitiator - HHH000489: No JTA platform available (set 'hibernate.transaction.jta.platform' to enable JTA platform integration)
2025-05-03 16:02:35 INFO  [main] o.s.o.j.LocalContainerEntityManagerFactoryBean - Initialized JPA EntityManagerFactory for persistence unit 'default'
2025-05-03 16:02:36 INFO  [main] o.s.d.j.r.query.QueryEnhancerFactory - Hibernate is in classpath; If applicable, HQL parser will be used.
2025-05-03 16:02:37 WARN  [main] o.s.b.a.o.j.JpaBaseConfiguration$JpaWebConfiguration - spring.jpa.open-in-view is enabled by default. Therefore, database queries may be performed during view rendering. Explicitly configure spring.jpa.open-in-view to disable this warning
2025-05-03 16:02:37 INFO  [main] o.s.v.b.OptionalValidatorFactoryBean - Failed to set up a Bean Validation provider: jakarta.validation.NoProviderFoundException: Unable to create a Configuration, because no Jakarta Bean Validation provider could be found. Add a provider like Hibernate Validator (RI) to your classpath.
2025-05-03 16:02:38 INFO  [main] o.s.b.w.e.tomcat.TomcatWebServer - Tomcat started on port 8080 (http) with context path '/'
2025-05-03 16:02:38 INFO  [main] c.g.m.g.GymmanagerApplication - Started GymmanagerApplication in 7.991 seconds (process running for 8.935)
2025-05-03 16:03:10 INFO  [http-nio-8080-exec-2] o.s.web.servlet.DispatcherServlet - Initializing Servlet 'dispatcherServlet'
2025-05-03 16:03:10 INFO  [http-nio-8080-exec-2] o.s.web.servlet.DispatcherServlet - Completed initialization in 0 ms
2025-05-03 16:03:18 INFO  [http-nio-8080-exec-4] c.g.m.g.logging.LoggingAspect - Вызов метода: startAsyncLogCreation с аргументами: [2025-05-27]
2025-05-03 16:03:18 INFO  [http-nio-8080-exec-4] c.g.m.g.logging.LoggingAspect - Метод startAsyncLogCreation успешно завершен. Возвращено: 8e9c5fb9-af50-4348-8236-9768f26898e4
2025-05-03 16:03:40 INFO  [http-nio-8080-exec-5] c.g.m.g.logging.LoggingAspect - Вызов метода: getTaskStatus с аргументами: [8e9c5fb9-af50-4348-8236-9768f26898e4]
2025-05-03 16:03:40 INFO  [http-nio-8080-exec-5] c.g.m.g.logging.LoggingAspect - Метод getTaskStatus успешно завершен. Возвращено: com.gym.management.gymmanager.logging.AsyncLogTask@5a4e1a5a
2025-05-03 16:04:07 INFO  [http-nio-8080-exec-6] c.g.m.g.logging.LoggingAspect - Вызов метода: getLogFileByTaskId с аргументами: [8e9c5fb9-af50-4348-8236-9768f26898e4]
2025-05-03 16:04:07 INFO  [http-nio-8080-exec-6] c.g.m.g.logging.LoggingAspect - Метод getLogFileByTaskId успешно завершен. Возвращено: C:\Users\user\AppData\Local\Temp\filtered-log-6414312574121802757.log
2025-05-03 16:07:31 INFO  [SpringApplicationShutdownHook] o.s.b.w.e.tomcat.GracefulShutdown - Commencing graceful shutdown. Waiting for active requests to complete
2025-05-03 16:07:31 INFO  [tomcat-shutdown] o.s.b.w.e.tomcat.GracefulShutdown - Graceful shutdown complete
2025-05-03 16:07:31 INFO  [SpringApplicationShutdownHook] o.s.o.j.LocalContainerEntityManagerFactoryBean - Closing JPA EntityManagerFactory for persistence unit 'default'
2025-05-03 16:07:31 INFO  [SpringApplicationShutdownHook] com.zaxxer.hikari.HikariDataSource - GymManagerHikariPool - Shutdown initiated...
2025-05-03 16:07:31 INFO  [SpringApplicationShutdownHook] com.zaxxer.hikari.HikariDataSource - GymManagerHikariPool - Shutdown completed.
2025-05-03 16:07:38 INFO  [main] c.g.m.g.GymmanagerApplication - Starting GymmanagerApplication using Java 23.0.2 with PID 15428 (C:\Autodesk\Java\gymmanager\target\classes started by user in C:\Autodesk\Java\gymmanager)
2025-05-03 16:07:38 DEBUG [main] c.g.m.g.GymmanagerApplication - Running with Spring Boot v3.4.4, Spring v6.2.5
2025-05-03 16:07:38 INFO  [main] c.g.m.g.GymmanagerApplication - No active profile set, falling back to 1 default profile: "default"
2025-05-03 16:07:39 INFO  [main] o.s.d.r.c.RepositoryConfigurationDelegate - Bootstrapping Spring Data JPA repositories in DEFAULT mode.
2025-05-03 16:07:39 INFO  [main] o.s.d.r.c.RepositoryConfigurationDelegate - Finished Spring Data repository scanning in 56 ms. Found 4 JPA repository interfaces.
2025-05-03 16:07:40 INFO  [main] o.s.b.w.e.tomcat.TomcatWebServer - Tomcat initialized with port 8080 (http)
2025-05-03 16:07:40 INFO  [main] o.s.b.w.s.c.ServletWebServerApplicationContext - Root WebApplicationContext: initialization completed in 1654 ms
2025-05-03 16:07:40 INFO  [main] o.h.jpa.internal.util.LogHelper - HHH000204: Processing PersistenceUnitInfo [name: default]
2025-05-03 16:07:40 INFO  [main] org.hibernate.Version - HHH000412: Hibernate ORM core version 6.6.11.Final
2025-05-03 16:07:41 INFO  [main] o.h.c.i.RegionFactoryInitiator - HHH000026: Second-level cache disabled
2025-05-03 16:07:41 INFO  [main] o.s.o.j.p.SpringPersistenceUnitInfo - No LoadTimeWeaver setup: ignoring JPA class transformer
2025-05-03 16:07:41 INFO  [main] com.zaxxer.hikari.HikariDataSource - GymManagerHikariPool - Starting...
2025-05-03 16:07:41 INFO  [main] com.zaxxer.hikari.pool.HikariPool - GymManagerHikariPool - Added connection org.postgresql.jdbc.PgConnection@7d90644f
2025-05-03 16:07:41 INFO  [main] com.zaxxer.hikari.HikariDataSource - GymManagerHikariPool - Start completed.
2025-05-03 16:07:41 WARN  [main] org.hibernate.orm.deprecation - HHH90000025: PostgreSQLDialect does not need to be specified explicitly using 'hibernate.dialect' (remove the property setting and it will be selected by default)
2025-05-03 16:07:41 INFO  [main] o.hibernate.orm.connections.pooling - HHH10001005: Database info:
	Database JDBC URL [Connecting through datasource 'HikariDataSource (GymManagerHikariPool)']
	Database driver: undefined/unknown
	Database version: 17.4
	Autocommit mode: undefined/unknown
	Isolation level: undefined/unknown
	Minimum pool size: undefined/unknown
	Maximum pool size: undefined/unknown
2025-05-03 16:07:42 INFO  [main] o.h.e.t.j.p.i.JtaPlatformInitiator - HHH000489: No JTA platform available (set 'hibernate.transaction.jta.platform' to enable JTA platform integration)
2025-05-03 16:07:43 INFO  [main] o.s.o.j.LocalContainerEntityManagerFactoryBean - Initialized JPA EntityManagerFactory for persistence unit 'default'
2025-05-03 16:07:44 INFO  [main] o.s.d.j.r.query.QueryEnhancerFactory - Hibernate is in classpath; If applicable, HQL parser will be used.
2025-05-03 16:07:44 WARN  [main] o.s.b.a.o.j.JpaBaseConfiguration$JpaWebConfiguration - spring.jpa.open-in-view is enabled by default. Therefore, database queries may be performed during view rendering. Explicitly configure spring.jpa.open-in-view to disable this warning
2025-05-03 16:07:44 INFO  [main] o.s.v.b.OptionalValidatorFactoryBean - Failed to set up a Bean Validation provider: jakarta.validation.NoProviderFoundException: Unable to create a Configuration, because no Jakarta Bean Validation provider could be found. Add a provider like Hibernate Validator (RI) to your classpath.
2025-05-03 16:07:45 INFO  [main] o.s.b.w.e.tomcat.TomcatWebServer - Tomcat started on port 8080 (http) with context path '/'
2025-05-03 16:07:45 INFO  [main] c.g.m.g.GymmanagerApplication - Started GymmanagerApplication in 7.025 seconds (process running for 7.758)
2025-05-03 16:11:31 INFO  [http-nio-8080-exec-7] o.s.web.servlet.DispatcherServlet - Initializing Servlet 'dispatcherServlet'
2025-05-03 16:11:31 INFO  [http-nio-8080-exec-7] o.s.web.servlet.DispatcherServlet - Completed initialization in 0 ms
2025-05-03 16:11:39 INFO  [http-nio-8080-exec-5] c.g.m.g.logging.LoggingAspect - Вызов метода: startAsyncLogCreation с аргументами: [2025-04-27]
2025-05-03 16:11:39 INFO  [http-nio-8080-exec-5] c.g.m.g.logging.LoggingAspect - Метод startAsyncLogCreation успешно завершен. Возвращено: fe84282f-acbb-4d68-8807-655a9c17238f
2025-05-03 16:12:21 INFO  [http-nio-8080-exec-6] c.g.m.g.logging.LoggingAspect - Вызов метода: getTaskStatus с аргументами: [fe84282f-acbb-4d68-8807-655a9c17238f]
2025-05-03 16:12:21 INFO  [http-nio-8080-exec-6] c.g.m.g.logging.LoggingAspect - Метод getTaskStatus успешно завершен. Возвращено: com.gym.management.gymmanager.logging.AsyncLogTask@789d9576
2025-05-03 16:13:15 INFO  [http-nio-8080-exec-4] c.g.m.g.logging.LoggingAspect - Вызов метода: getLogFileByTaskId с аргументами: [fe84282f-acbb-4d68-8807-655a9c17238f]
2025-05-03 16:13:15 INFO  [http-nio-8080-exec-4] c.g.m.g.logging.LoggingAspect - Метод getLogFileByTaskId успешно завершен. Возвращено: C:\Users\user\AppData\Local\Temp\filtered-log-2356600991729160326.log
2025-05-03 16:21:13 INFO  [SpringApplicationShutdownHook] o.s.b.w.e.tomcat.GracefulShutdown - Commencing graceful shutdown. Waiting for active requests to complete
2025-05-03 16:21:14 INFO  [tomcat-shutdown] o.s.b.w.e.tomcat.GracefulShutdown - Graceful shutdown complete
2025-05-03 16:21:14 INFO  [SpringApplicationShutdownHook] o.s.o.j.LocalContainerEntityManagerFactoryBean - Closing JPA EntityManagerFactory for persistence unit 'default'
2025-05-03 16:21:14 INFO  [SpringApplicationShutdownHook] com.zaxxer.hikari.HikariDataSource - GymManagerHikariPool - Shutdown initiated...
2025-05-03 16:21:14 INFO  [SpringApplicationShutdownHook] com.zaxxer.hikari.HikariDataSource - GymManagerHikariPool - Shutdown completed.
2025-05-03 16:21:21 INFO  [main] c.g.m.g.GymmanagerApplication - Starting GymmanagerApplication using Java 23.0.2 with PID 1820 (C:\Autodesk\Java\gymmanager\target\classes started by user in C:\Autodesk\Java\gymmanager)
2025-05-03 16:21:21 DEBUG [main] c.g.m.g.GymmanagerApplication - Running with Spring Boot v3.4.4, Spring v6.2.5
2025-05-03 16:21:21 INFO  [main] c.g.m.g.GymmanagerApplication - No active profile set, falling back to 1 default profile: "default"
2025-05-03 16:21:22 INFO  [main] o.s.d.r.c.RepositoryConfigurationDelegate - Bootstrapping Spring Data JPA repositories in DEFAULT mode.
2025-05-03 16:21:22 INFO  [main] o.s.d.r.c.RepositoryConfigurationDelegate - Finished Spring Data repository scanning in 68 ms. Found 4 JPA repository interfaces.
2025-05-03 16:21:23 INFO  [main] o.s.b.w.e.tomcat.TomcatWebServer - Tomcat initialized with port 8080 (http)
2025-05-03 16:21:23 INFO  [main] o.s.b.w.s.c.ServletWebServerApplicationContext - Root WebApplicationContext: initialization completed in 1734 ms
2025-05-03 16:21:23 INFO  [main] o.h.jpa.internal.util.LogHelper - HHH000204: Processing PersistenceUnitInfo [name: default]
2025-05-03 16:21:23 INFO  [main] org.hibernate.Version - HHH000412: Hibernate ORM core version 6.6.11.Final
2025-05-03 16:21:23 INFO  [main] o.h.c.i.RegionFactoryInitiator - HHH000026: Second-level cache disabled
2025-05-03 16:21:23 INFO  [main] o.s.o.j.p.SpringPersistenceUnitInfo - No LoadTimeWeaver setup: ignoring JPA class transformer
2025-05-03 16:21:24 INFO  [main] com.zaxxer.hikari.HikariDataSource - GymManagerHikariPool - Starting...
2025-05-03 16:21:24 INFO  [main] com.zaxxer.hikari.pool.HikariPool - GymManagerHikariPool - Added connection org.postgresql.jdbc.PgConnection@5d96d434
2025-05-03 16:21:24 INFO  [main] com.zaxxer.hikari.HikariDataSource - GymManagerHikariPool - Start completed.
2025-05-03 16:21:24 WARN  [main] org.hibernate.orm.deprecation - HHH90000025: PostgreSQLDialect does not need to be specified explicitly using 'hibernate.dialect' (remove the property setting and it will be selected by default)
2025-05-03 16:21:24 INFO  [main] o.hibernate.orm.connections.pooling - HHH10001005: Database info:
	Database JDBC URL [Connecting through datasource 'HikariDataSource (GymManagerHikariPool)']
	Database driver: undefined/unknown
	Database version: 17.4
	Autocommit mode: undefined/unknown
	Isolation level: undefined/unknown
	Minimum pool size: undefined/unknown
	Maximum pool size: undefined/unknown
2025-05-03 16:21:25 INFO  [main] o.h.e.t.j.p.i.JtaPlatformInitiator - HHH000489: No JTA platform available (set 'hibernate.transaction.jta.platform' to enable JTA platform integration)
2025-05-03 16:21:26 INFO  [main] o.s.o.j.LocalContainerEntityManagerFactoryBean - Initialized JPA EntityManagerFactory for persistence unit 'default'
2025-05-03 16:21:26 INFO  [main] o.s.d.j.r.query.QueryEnhancerFactory - Hibernate is in classpath; If applicable, HQL parser will be used.
2025-05-03 16:21:27 WARN  [main] o.s.b.a.o.j.JpaBaseConfiguration$JpaWebConfiguration - spring.jpa.open-in-view is enabled by default. Therefore, database queries may be performed during view rendering. Explicitly configure spring.jpa.open-in-view to disable this warning
2025-05-03 16:21:27 INFO  [main] o.s.v.b.OptionalValidatorFactoryBean - Failed to set up a Bean Validation provider: jakarta.validation.NoProviderFoundException: Unable to create a Configuration, because no Jakarta Bean Validation provider could be found. Add a provider like Hibernate Validator (RI) to your classpath.
2025-05-03 16:21:28 INFO  [main] o.s.b.w.e.tomcat.TomcatWebServer - Tomcat started on port 8080 (http) with context path '/'
2025-05-03 16:21:28 INFO  [main] c.g.m.g.GymmanagerApplication - Started GymmanagerApplication in 7.268 seconds (process running for 8.082)
2025-05-03 16:21:47 INFO  [http-nio-8080-exec-2] o.s.web.servlet.DispatcherServlet - Initializing Servlet 'dispatcherServlet'
2025-05-03 16:21:47 INFO  [http-nio-8080-exec-2] o.s.web.servlet.DispatcherServlet - Completed initialization in 3 ms
2025-05-03 16:21:47 INFO  [http-nio-8080-exec-2] c.g.m.g.logging.LoggingAspect - Вызов метода: startAsyncLogCreation с аргументами: [2025-04-27]
2025-05-03 16:21:47 INFO  [http-nio-8080-exec-2] c.g.m.g.logging.LoggingAspect - Метод startAsyncLogCreation успешно завершен. Возвращено: 26c1b0de-e17f-40d0-919d-344a49bd6d47
2025-05-03 16:21:59 INFO  [http-nio-8080-exec-3] c.g.m.g.logging.LoggingAspect - Вызов метода: getTaskStatus с аргументами: [26c1b0de-e17f-40d0-919d-344a49bd6d47]
2025-05-03 16:21:59 INFO  [http-nio-8080-exec-3] c.g.m.g.logging.LoggingAspect - Метод getTaskStatus успешно завершен. Возвращено: com.gym.management.gymmanager.logging.AsyncLogTask@6571737d
2025-05-03 16:22:13 INFO  [http-nio-8080-exec-7] c.g.m.g.logging.LoggingAspect - Вызов метода: getLogFileByTaskId с аргументами: [26c1b0de-e17f-40d0-919d-344a49bd6d47]
2025-05-03 16:22:13 INFO  [http-nio-8080-exec-7] c.g.m.g.logging.LoggingAspect - Метод getLogFileByTaskId успешно завершен. Возвращено: C:\Users\user\AppData\Local\Temp\filtered-log-5076041749565461.log
2025-05-03 16:27:23 INFO  [http-nio-8080-exec-5] c.g.m.g.logging.LoggingAspect - Вызов метода: startAsyncLogCreation с аргументами: [2025-04-27]
2025-05-03 16:27:23 INFO  [http-nio-8080-exec-5] c.g.m.g.logging.LoggingAspect - Метод startAsyncLogCreation успешно завершен. Возвращено: 685dbe54-a7f7-4286-9c0b-a981b5cbb6e8
2025-05-03 16:27:39 INFO  [http-nio-8080-exec-4] c.g.m.g.logging.LoggingAspect - Вызов метода: getTaskStatus с аргументами: [685dbe54-a7f7-4286-9c0b-a981b5cbb6e8]
2025-05-03 16:27:39 INFO  [http-nio-8080-exec-4] c.g.m.g.logging.LoggingAspect - Метод getTaskStatus успешно завершен. Возвращено: com.gym.management.gymmanager.logging.AsyncLogTask@33c2663d
2025-05-03 16:27:50 INFO  [http-nio-8080-exec-9] c.g.m.g.logging.LoggingAspect - Вызов метода: getLogFileByTaskId с аргументами: [685dbe54-a7f7-4286-9c0b-a981b5cbb6e8]
2025-05-03 16:27:50 INFO  [http-nio-8080-exec-9] c.g.m.g.logging.LoggingAspect - Метод getLogFileByTaskId успешно завершен. Возвращено: C:\Users\user\AppData\Local\Temp\filtered-log-11654088828321237032.log
2025-05-03 16:27:56 INFO  [SpringApplicationShutdownHook] o.s.b.w.e.tomcat.GracefulShutdown - Commencing graceful shutdown. Waiting for active requests to complete
2025-05-03 16:27:56 INFO  [tomcat-shutdown] o.s.b.w.e.tomcat.GracefulShutdown - Graceful shutdown complete
2025-05-03 16:27:56 INFO  [SpringApplicationShutdownHook] o.s.o.j.LocalContainerEntityManagerFactoryBean - Closing JPA EntityManagerFactory for persistence unit 'default'
2025-05-03 16:27:56 INFO  [SpringApplicationShutdownHook] com.zaxxer.hikari.HikariDataSource - GymManagerHikariPool - Shutdown initiated...
2025-05-03 16:27:56 INFO  [SpringApplicationShutdownHook] com.zaxxer.hikari.HikariDataSource - GymManagerHikariPool - Shutdown completed.
2025-05-03 16:28:04 INFO  [main] c.g.m.g.GymmanagerApplication - Starting GymmanagerApplication using Java 23.0.2 with PID 16900 (C:\Autodesk\Java\gymmanager\target\classes started by user in C:\Autodesk\Java\gymmanager)
2025-05-03 16:28:04 DEBUG [main] c.g.m.g.GymmanagerApplication - Running with Spring Boot v3.4.4, Spring v6.2.5
2025-05-03 16:28:04 INFO  [main] c.g.m.g.GymmanagerApplication - No active profile set, falling back to 1 default profile: "default"
2025-05-03 16:28:04 INFO  [main] o.s.d.r.c.RepositoryConfigurationDelegate - Bootstrapping Spring Data JPA repositories in DEFAULT mode.
2025-05-03 16:28:04 INFO  [main] o.s.d.r.c.RepositoryConfigurationDelegate - Finished Spring Data repository scanning in 56 ms. Found 4 JPA repository interfaces.
2025-05-03 16:28:05 INFO  [main] o.s.b.w.e.tomcat.TomcatWebServer - Tomcat initialized with port 8080 (http)
2025-05-03 16:28:05 INFO  [main] o.s.b.w.s.c.ServletWebServerApplicationContext - Root WebApplicationContext: initialization completed in 1436 ms
2025-05-03 16:28:05 INFO  [main] o.h.jpa.internal.util.LogHelper - HHH000204: Processing PersistenceUnitInfo [name: default]
2025-05-03 16:28:05 INFO  [main] org.hibernate.Version - HHH000412: Hibernate ORM core version 6.6.11.Final
2025-05-03 16:28:05 INFO  [main] o.h.c.i.RegionFactoryInitiator - HHH000026: Second-level cache disabled
2025-05-03 16:28:06 INFO  [main] o.s.o.j.p.SpringPersistenceUnitInfo - No LoadTimeWeaver setup: ignoring JPA class transformer
2025-05-03 16:28:06 INFO  [main] com.zaxxer.hikari.HikariDataSource - GymManagerHikariPool - Starting...
2025-05-03 16:28:06 INFO  [main] com.zaxxer.hikari.pool.HikariPool - GymManagerHikariPool - Added connection org.postgresql.jdbc.PgConnection@e7b0bec
2025-05-03 16:28:06 INFO  [main] com.zaxxer.hikari.HikariDataSource - GymManagerHikariPool - Start completed.
2025-05-03 16:28:06 WARN  [main] org.hibernate.orm.deprecation - HHH90000025: PostgreSQLDialect does not need to be specified explicitly using 'hibernate.dialect' (remove the property setting and it will be selected by default)
2025-05-03 16:28:06 INFO  [main] o.hibernate.orm.connections.pooling - HHH10001005: Database info:
	Database JDBC URL [Connecting through datasource 'HikariDataSource (GymManagerHikariPool)']
	Database driver: undefined/unknown
	Database version: 17.4
	Autocommit mode: undefined/unknown
	Isolation level: undefined/unknown
	Minimum pool size: undefined/unknown
	Maximum pool size: undefined/unknown
2025-05-03 16:28:07 INFO  [main] o.h.e.t.j.p.i.JtaPlatformInitiator - HHH000489: No JTA platform available (set 'hibernate.transaction.jta.platform' to enable JTA platform integration)
2025-05-03 16:28:08 INFO  [main] o.s.o.j.LocalContainerEntityManagerFactoryBean - Initialized JPA EntityManagerFactory for persistence unit 'default'
2025-05-03 16:28:08 INFO  [main] o.s.d.j.r.query.QueryEnhancerFactory - Hibernate is in classpath; If applicable, HQL parser will be used.
2025-05-03 16:28:09 WARN  [main] o.s.b.a.o.j.JpaBaseConfiguration$JpaWebConfiguration - spring.jpa.open-in-view is enabled by default. Therefore, database queries may be performed during view rendering. Explicitly configure spring.jpa.open-in-view to disable this warning
2025-05-03 16:28:09 INFO  [main] o.s.v.b.OptionalValidatorFactoryBean - Failed to set up a Bean Validation provider: jakarta.validation.NoProviderFoundException: Unable to create a Configuration, because no Jakarta Bean Validation provider could be found. Add a provider like Hibernate Validator (RI) to your classpath.
2025-05-03 16:28:10 INFO  [main] o.s.b.w.e.tomcat.TomcatWebServer - Tomcat started on port 8080 (http) with context path '/'
2025-05-03 16:28:10 INFO  [main] c.g.m.g.GymmanagerApplication - Started GymmanagerApplication in 6.589 seconds (process running for 7.408)
2025-05-03 16:28:17 INFO  [http-nio-8080-exec-2] o.s.web.servlet.DispatcherServlet - Initializing Servlet 'dispatcherServlet'
2025-05-03 16:28:17 INFO  [http-nio-8080-exec-2] o.s.web.servlet.DispatcherServlet - Completed initialization in 1 ms
2025-05-03 16:28:17 INFO  [http-nio-8080-exec-2] c.g.m.g.logging.LoggingAspect - Вызов метода: startAsyncLogCreation с аргументами: [2025-04-27]
2025-05-03 16:28:17 INFO  [http-nio-8080-exec-2] c.g.m.g.logging.LoggingAspect - Метод startAsyncLogCreation успешно завершен. Возвращено: 57901e7e-0b30-4cd0-8de3-b85c5f2f684e
2025-05-03 16:28:30 INFO  [http-nio-8080-exec-3] c.g.m.g.logging.LoggingAspect - Вызов метода: getTaskStatus с аргументами: [57901e7e-0b30-4cd0-8de3-b85c5f2f684e]
2025-05-03 16:28:30 INFO  [http-nio-8080-exec-3] c.g.m.g.logging.LoggingAspect - Метод getTaskStatus успешно завершен. Возвращено: com.gym.management.gymmanager.logging.AsyncLogTask@6f178824
2025-05-03 16:28:39 INFO  [http-nio-8080-exec-4] c.g.m.g.logging.LoggingAspect - Вызов метода: getLogFileByTaskId с аргументами: [57901e7e-0b30-4cd0-8de3-b85c5f2f684e]
2025-05-03 16:28:39 INFO  [http-nio-8080-exec-4] c.g.m.g.logging.LoggingAspect - Метод getLogFileByTaskId успешно завершен. Возвращено: C:\Users\user\AppData\Local\Temp\filtered-log-17583770387669702228.log
2025-05-03 16:33:26 INFO  [http-nio-8080-exec-7] c.g.m.g.logging.LoggingAspect - Вызов метода: increment с аргументами: []
2025-05-03 16:33:26 INFO  [http-nio-8080-exec-7] c.g.m.g.logging.LoggingAspect - Метод increment успешно завершен. Возвращено: null
2025-05-03 16:33:28 INFO  [http-nio-8080-exec-9] c.g.m.g.logging.LoggingAspect - Вызов метода: increment с аргументами: []
2025-05-03 16:33:28 INFO  [http-nio-8080-exec-9] c.g.m.g.logging.LoggingAspect - Метод increment успешно завершен. Возвращено: null
2025-05-03 16:33:29 INFO  [http-nio-8080-exec-8] c.g.m.g.logging.LoggingAspect - Вызов метода: increment с аргументами: []
2025-05-03 16:33:29 INFO  [http-nio-8080-exec-8] c.g.m.g.logging.LoggingAspect - Метод increment успешно завершен. Возвращено: null
2025-05-03 16:33:34 INFO  [http-nio-8080-exec-10] c.g.m.g.logging.LoggingAspect - Вызов метода: increment с аргументами: []
2025-05-03 16:33:34 INFO  [http-nio-8080-exec-10] c.g.m.g.logging.LoggingAspect - Метод increment успешно завершен. Возвращено: null
2025-05-03 16:33:55 INFO  [http-nio-8080-exec-1] c.g.m.g.logging.LoggingAspect - Вызов метода: getCount с аргументами: []
2025-05-03 16:33:55 INFO  [http-nio-8080-exec-1] c.g.m.g.logging.LoggingAspect - Метод getCount успешно завершен. Возвращено: 4
2025-05-03 16:34:02 INFO  [http-nio-8080-exec-2] c.g.m.g.logging.LoggingAspect - Вызов метода: increment с аргументами: []
2025-05-03 16:34:02 INFO  [http-nio-8080-exec-2] c.g.m.g.logging.LoggingAspect - Метод increment успешно завершен. Возвращено: null
2025-05-03 16:34:03 INFO  [http-nio-8080-exec-3] c.g.m.g.logging.LoggingAspect - Вызов метода: increment с аргументами: []
2025-05-03 16:34:03 INFO  [http-nio-8080-exec-3] c.g.m.g.logging.LoggingAspect - Метод increment успешно завершен. Возвращено: null
2025-05-03 16:34:09 INFO  [http-nio-8080-exec-4] c.g.m.g.logging.LoggingAspect - Вызов метода: getCount с аргументами: []
2025-05-03 16:34:09 INFO  [http-nio-8080-exec-4] c.g.m.g.logging.LoggingAspect - Метод getCount успешно завершен. Возвращено: 6
2025-05-03 17:08:53 INFO  [http-nio-8080-exec-5] c.g.m.g.logging.LoggingAspect - Вызов метода: increment с аргументами: []
2025-05-03 17:08:53 INFO  [http-nio-8080-exec-5] c.g.m.g.logging.LoggingAspect - Метод increment успешно завершен. Возвращено: null
2025-05-03 17:08:54 INFO  [http-nio-8080-exec-9] c.g.m.g.logging.LoggingAspect - Вызов метода: increment с аргументами: []
2025-05-03 17:08:54 INFO  [http-nio-8080-exec-9] c.g.m.g.logging.LoggingAspect - Метод increment успешно завершен. Возвращено: null
2025-05-03 17:08:54 INFO  [http-nio-8080-exec-10] c.g.m.g.logging.LoggingAspect - Вызов метода: increment с аргументами: []
2025-05-03 17:08:54 INFO  [http-nio-8080-exec-10] c.g.m.g.logging.LoggingAspect - Метод increment успешно завершен. Возвращено: null
2025-05-03 17:08:54 INFO  [http-nio-8080-exec-2] c.g.m.g.logging.LoggingAspect - Вызов метода: increment с аргументами: []
2025-05-03 17:08:54 INFO  [http-nio-8080-exec-2] c.g.m.g.logging.LoggingAspect - Метод increment успешно завершен. Возвращено: null
2025-05-03 17:08:54 INFO  [http-nio-8080-exec-4] c.g.m.g.logging.LoggingAspect - Вызов метода: increment с аргументами: []
2025-05-03 17:08:54 INFO  [http-nio-8080-exec-4] c.g.m.g.logging.LoggingAspect - Метод increment успешно завершен. Возвращено: null
2025-05-03 17:08:55 INFO  [http-nio-8080-exec-5] c.g.m.g.logging.LoggingAspect - Вызов метода: increment с аргументами: []
2025-05-03 17:08:55 INFO  [http-nio-8080-exec-5] c.g.m.g.logging.LoggingAspect - Метод increment успешно завершен. Возвращено: null
2025-05-03 17:08:55 INFO  [http-nio-8080-exec-9] c.g.m.g.logging.LoggingAspect - Вызов метода: increment с аргументами: []
2025-05-03 17:08:55 INFO  [http-nio-8080-exec-9] c.g.m.g.logging.LoggingAspect - Метод increment успешно завершен. Возвращено: null
2025-05-03 17:08:55 INFO  [http-nio-8080-exec-10] c.g.m.g.logging.LoggingAspect - Вызов метода: increment с аргументами: []
2025-05-03 17:08:55 INFO  [http-nio-8080-exec-10] c.g.m.g.logging.LoggingAspect - Метод increment успешно завершен. Возвращено: null
2025-05-03 17:08:56 INFO  [http-nio-8080-exec-2] c.g.m.g.logging.LoggingAspect - Вызов метода: increment с аргументами: []
2025-05-03 17:08:56 INFO  [http-nio-8080-exec-2] c.g.m.g.logging.LoggingAspect - Метод increment успешно завершен. Возвращено: null
2025-05-03 17:08:56 INFO  [http-nio-8080-exec-4] c.g.m.g.logging.LoggingAspect - Вызов метода: increment с аргументами: []
2025-05-03 17:08:56 INFO  [http-nio-8080-exec-4] c.g.m.g.logging.LoggingAspect - Метод increment успешно завершен. Возвращено: null
2025-05-03 17:08:56 INFO  [http-nio-8080-exec-5] c.g.m.g.logging.LoggingAspect - Вызов метода: increment с аргументами: []
2025-05-03 17:08:56 INFO  [http-nio-8080-exec-5] c.g.m.g.logging.LoggingAspect - Метод increment успешно завершен. Возвращено: null
2025-05-03 17:08:57 INFO  [http-nio-8080-exec-9] c.g.m.g.logging.LoggingAspect - Вызов метода: increment с аргументами: []
2025-05-03 17:08:57 INFO  [http-nio-8080-exec-9] c.g.m.g.logging.LoggingAspect - Метод increment успешно завершен. Возвращено: null
2025-05-03 17:08:57 INFO  [http-nio-8080-exec-10] c.g.m.g.logging.LoggingAspect - Вызов метода: increment с аргументами: []
2025-05-03 17:08:57 INFO  [http-nio-8080-exec-10] c.g.m.g.logging.LoggingAspect - Метод increment успешно завершен. Возвращено: null
2025-05-03 17:08:57 INFO  [http-nio-8080-exec-2] c.g.m.g.logging.LoggingAspect - Вызов метода: increment с аргументами: []
2025-05-03 17:08:57 INFO  [http-nio-8080-exec-2] c.g.m.g.logging.LoggingAspect - Метод increment успешно завершен. Возвращено: null
2025-05-03 17:08:57 INFO  [http-nio-8080-exec-4] c.g.m.g.logging.LoggingAspect - Вызов метода: increment с аргументами: []
2025-05-03 17:08:57 INFO  [http-nio-8080-exec-4] c.g.m.g.logging.LoggingAspect - Метод increment успешно завершен. Возвращено: null
2025-05-03 17:08:58 INFO  [http-nio-8080-exec-5] c.g.m.g.logging.LoggingAspect - Вызов метода: increment с аргументами: []
2025-05-03 17:08:58 INFO  [http-nio-8080-exec-5] c.g.m.g.logging.LoggingAspect - Метод increment успешно завершен. Возвращено: null
2025-05-03 17:08:58 INFO  [http-nio-8080-exec-9] c.g.m.g.logging.LoggingAspect - Вызов метода: increment с аргументами: []
2025-05-03 17:08:58 INFO  [http-nio-8080-exec-9] c.g.m.g.logging.LoggingAspect - Метод increment успешно завершен. Возвращено: null
2025-05-03 17:08:58 INFO  [http-nio-8080-exec-10] c.g.m.g.logging.LoggingAspect - Вызов метода: increment с аргументами: []
2025-05-03 17:08:58 INFO  [http-nio-8080-exec-10] c.g.m.g.logging.LoggingAspect - Метод increment успешно завершен. Возвращено: null
2025-05-03 17:08:59 INFO  [http-nio-8080-exec-2] c.g.m.g.logging.LoggingAspect - Вызов метода: increment с аргументами: []
2025-05-03 17:08:59 INFO  [http-nio-8080-exec-2] c.g.m.g.logging.LoggingAspect - Метод increment успешно завершен. Возвращено: null
2025-05-03 17:08:59 INFO  [http-nio-8080-exec-4] c.g.m.g.logging.LoggingAspect - Вызов метода: increment с аргументами: []
2025-05-03 17:08:59 INFO  [http-nio-8080-exec-4] c.g.m.g.logging.LoggingAspect - Метод increment успешно завершен. Возвращено: null
2025-05-03 17:08:59 INFO  [http-nio-8080-exec-5] c.g.m.g.logging.LoggingAspect - Вызов метода: increment с аргументами: []
2025-05-03 17:08:59 INFO  [http-nio-8080-exec-5] c.g.m.g.logging.LoggingAspect - Метод increment успешно завершен. Возвращено: null
2025-05-03 17:09:00 INFO  [http-nio-8080-exec-9] c.g.m.g.logging.LoggingAspect - Вызов метода: increment с аргументами: []
2025-05-03 17:09:00 INFO  [http-nio-8080-exec-9] c.g.m.g.logging.LoggingAspect - Метод increment успешно завершен. Возвращено: null
2025-05-03 17:09:00 INFO  [http-nio-8080-exec-10] c.g.m.g.logging.LoggingAspect - Вызов метода: increment с аргументами: []
2025-05-03 17:09:00 INFO  [http-nio-8080-exec-10] c.g.m.g.logging.LoggingAspect - Метод increment успешно завершен. Возвращено: null
2025-05-03 17:09:00 INFO  [http-nio-8080-exec-2] c.g.m.g.logging.LoggingAspect - Вызов метода: increment с аргументами: []
2025-05-03 17:09:00 INFO  [http-nio-8080-exec-2] c.g.m.g.logging.LoggingAspect - Метод increment успешно завершен. Возвращено: null
2025-05-03 17:09:00 INFO  [http-nio-8080-exec-4] c.g.m.g.logging.LoggingAspect - Вызов метода: increment с аргументами: []
2025-05-03 17:09:00 INFO  [http-nio-8080-exec-4] c.g.m.g.logging.LoggingAspect - Метод increment успешно завершен. Возвращено: null
2025-05-03 17:09:01 INFO  [http-nio-8080-exec-5] c.g.m.g.logging.LoggingAspect - Вызов метода: increment с аргументами: []
2025-05-03 17:09:01 INFO  [http-nio-8080-exec-5] c.g.m.g.logging.LoggingAspect - Метод increment успешно завершен. Возвращено: null
2025-05-03 17:09:01 INFO  [http-nio-8080-exec-9] c.g.m.g.logging.LoggingAspect - Вызов метода: increment с аргументами: []
2025-05-03 17:09:01 INFO  [http-nio-8080-exec-9] c.g.m.g.logging.LoggingAspect - Метод increment успешно завершен. Возвращено: null
2025-05-03 17:09:01 INFO  [http-nio-8080-exec-10] c.g.m.g.logging.LoggingAspect - Вызов метода: increment с аргументами: []
2025-05-03 17:09:01 INFO  [http-nio-8080-exec-10] c.g.m.g.logging.LoggingAspect - Метод increment успешно завершен. Возвращено: null
2025-05-03 17:09:02 INFO  [http-nio-8080-exec-2] c.g.m.g.logging.LoggingAspect - Вызов метода: increment с аргументами: []
2025-05-03 17:09:02 INFO  [http-nio-8080-exec-2] c.g.m.g.logging.LoggingAspect - Метод increment успешно завершен. Возвращено: null
2025-05-03 17:09:02 INFO  [http-nio-8080-exec-4] c.g.m.g.logging.LoggingAspect - Вызов метода: increment с аргументами: []
2025-05-03 17:09:02 INFO  [http-nio-8080-exec-4] c.g.m.g.logging.LoggingAspect - Метод increment успешно завершен. Возвращено: null
2025-05-03 17:09:02 INFO  [http-nio-8080-exec-5] c.g.m.g.logging.LoggingAspect - Вызов метода: increment с аргументами: []
2025-05-03 17:09:02 INFO  [http-nio-8080-exec-5] c.g.m.g.logging.LoggingAspect - Метод increment успешно завершен. Возвращено: null
2025-05-03 17:09:03 INFO  [http-nio-8080-exec-9] c.g.m.g.logging.LoggingAspect - Вызов метода: increment с аргументами: []
2025-05-03 17:09:03 INFO  [http-nio-8080-exec-9] c.g.m.g.logging.LoggingAspect - Метод increment успешно завершен. Возвращено: null
2025-05-03 17:09:03 INFO  [http-nio-8080-exec-10] c.g.m.g.logging.LoggingAspect - Вызов метода: increment с аргументами: []
2025-05-03 17:09:03 INFO  [http-nio-8080-exec-10] c.g.m.g.logging.LoggingAspect - Метод increment успешно завершен. Возвращено: null
2025-05-03 17:09:03 INFO  [http-nio-8080-exec-2] c.g.m.g.logging.LoggingAspect - Вызов метода: increment с аргументами: []
2025-05-03 17:09:03 INFO  [http-nio-8080-exec-2] c.g.m.g.logging.LoggingAspect - Метод increment успешно завершен. Возвращено: null
2025-05-03 17:09:03 INFO  [http-nio-8080-exec-4] c.g.m.g.logging.LoggingAspect - Вызов метода: increment с аргументами: []
2025-05-03 17:09:03 INFO  [http-nio-8080-exec-4] c.g.m.g.logging.LoggingAspect - Метод increment успешно завершен. Возвращено: null
2025-05-03 17:09:04 INFO  [http-nio-8080-exec-5] c.g.m.g.logging.LoggingAspect - Вызов метода: increment с аргументами: []
2025-05-03 17:09:04 INFO  [http-nio-8080-exec-5] c.g.m.g.logging.LoggingAspect - Метод increment успешно завершен. Возвращено: null
2025-05-03 17:09:04 INFO  [http-nio-8080-exec-9] c.g.m.g.logging.LoggingAspect - Вызов метода: increment с аргументами: []
2025-05-03 17:09:04 INFO  [http-nio-8080-exec-9] c.g.m.g.logging.LoggingAspect - Метод increment успешно завершен. Возвращено: null
2025-05-03 17:09:04 INFO  [http-nio-8080-exec-10] c.g.m.g.logging.LoggingAspect - Вызов метода: increment с аргументами: []
2025-05-03 17:09:04 INFO  [http-nio-8080-exec-10] c.g.m.g.logging.LoggingAspect - Метод increment успешно завершен. Возвращено: null
2025-05-03 17:09:05 INFO  [http-nio-8080-exec-2] c.g.m.g.logging.LoggingAspect - Вызов метода: increment с аргументами: []
2025-05-03 17:09:05 INFO  [http-nio-8080-exec-2] c.g.m.g.logging.LoggingAspect - Метод increment успешно завершен. Возвращено: null
2025-05-03 17:09:05 INFO  [http-nio-8080-exec-4] c.g.m.g.logging.LoggingAspect - Вызов метода: increment с аргументами: []
2025-05-03 17:09:05 INFO  [http-nio-8080-exec-4] c.g.m.g.logging.LoggingAspect - Метод increment успешно завершен. Возвращено: null
2025-05-03 17:09:05 INFO  [http-nio-8080-exec-6] c.g.m.g.logging.LoggingAspect - Вызов метода: increment с аргументами: []
2025-05-03 17:09:05 INFO  [http-nio-8080-exec-6] c.g.m.g.logging.LoggingAspect - Метод increment успешно завершен. Возвращено: null
2025-05-03 17:09:06 INFO  [http-nio-8080-exec-7] c.g.m.g.logging.LoggingAspect - Вызов метода: increment с аргументами: []
2025-05-03 17:09:06 INFO  [http-nio-8080-exec-7] c.g.m.g.logging.LoggingAspect - Метод increment успешно завершен. Возвращено: null
2025-05-03 17:09:06 INFO  [http-nio-8080-exec-8] c.g.m.g.logging.LoggingAspect - Вызов метода: increment с аргументами: []
2025-05-03 17:09:06 INFO  [http-nio-8080-exec-8] c.g.m.g.logging.LoggingAspect - Метод increment успешно завершен. Возвращено: null
2025-05-03 17:09:06 INFO  [http-nio-8080-exec-1] c.g.m.g.logging.LoggingAspect - Вызов метода: increment с аргументами: []
2025-05-03 17:09:06 INFO  [http-nio-8080-exec-1] c.g.m.g.logging.LoggingAspect - Метод increment успешно завершен. Возвращено: null
2025-05-03 17:09:06 INFO  [http-nio-8080-exec-3] c.g.m.g.logging.LoggingAspect - Вызов метода: increment с аргументами: []
2025-05-03 17:09:06 INFO  [http-nio-8080-exec-3] c.g.m.g.logging.LoggingAspect - Метод increment успешно завершен. Возвращено: null
2025-05-03 17:09:07 INFO  [http-nio-8080-exec-6] c.g.m.g.logging.LoggingAspect - Вызов метода: increment с аргументами: []
2025-05-03 17:09:07 INFO  [http-nio-8080-exec-6] c.g.m.g.logging.LoggingAspect - Метод increment успешно завершен. Возвращено: null
2025-05-03 17:09:07 INFO  [http-nio-8080-exec-7] c.g.m.g.logging.LoggingAspect - Вызов метода: increment с аргументами: []
2025-05-03 17:09:07 INFO  [http-nio-8080-exec-7] c.g.m.g.logging.LoggingAspect - Метод increment успешно завершен. Возвращено: null
2025-05-03 17:09:07 INFO  [http-nio-8080-exec-8] c.g.m.g.logging.LoggingAspect - Вызов метода: increment с аргументами: []
2025-05-03 17:09:07 INFO  [http-nio-8080-exec-8] c.g.m.g.logging.LoggingAspect - Метод increment успешно завершен. Возвращено: null
2025-05-03 17:09:08 INFO  [http-nio-8080-exec-1] c.g.m.g.logging.LoggingAspect - Вызов метода: increment с аргументами: []
2025-05-03 17:09:08 INFO  [http-nio-8080-exec-1] c.g.m.g.logging.LoggingAspect - Метод increment успешно завершен. Возвращено: null
2025-05-03 17:09:08 INFO  [http-nio-8080-exec-3] c.g.m.g.logging.LoggingAspect - Вызов метода: increment с аргументами: []
2025-05-03 17:09:08 INFO  [http-nio-8080-exec-3] c.g.m.g.logging.LoggingAspect - Метод increment успешно завершен. Возвращено: null
2025-05-03 17:09:08 INFO  [http-nio-8080-exec-6] c.g.m.g.logging.LoggingAspect - Вызов метода: increment с аргументами: []
2025-05-03 17:09:08 INFO  [http-nio-8080-exec-6] c.g.m.g.logging.LoggingAspect - Метод increment успешно завершен. Возвращено: null
2025-05-03 17:09:09 INFO  [http-nio-8080-exec-7] c.g.m.g.logging.LoggingAspect - Вызов метода: increment с аргументами: []
2025-05-03 17:09:09 INFO  [http-nio-8080-exec-7] c.g.m.g.logging.LoggingAspect - Метод increment успешно завершен. Возвращено: null
2025-05-03 17:09:09 INFO  [http-nio-8080-exec-8] c.g.m.g.logging.LoggingAspect - Вызов метода: increment с аргументами: []
2025-05-03 17:09:09 INFO  [http-nio-8080-exec-8] c.g.m.g.logging.LoggingAspect - Метод increment успешно завершен. Возвращено: null
2025-05-03 17:09:09 INFO  [http-nio-8080-exec-10] c.g.m.g.logging.LoggingAspect - Вызов метода: increment с аргументами: []
2025-05-03 17:09:09 INFO  [http-nio-8080-exec-10] c.g.m.g.logging.LoggingAspect - Метод increment успешно завершен. Возвращено: null
2025-05-03 17:09:09 INFO  [http-nio-8080-exec-2] c.g.m.g.logging.LoggingAspect - Вызов метода: increment с аргументами: []
2025-05-03 17:09:09 INFO  [http-nio-8080-exec-2] c.g.m.g.logging.LoggingAspect - Метод increment успешно завершен. Возвращено: null
2025-05-03 17:09:10 INFO  [http-nio-8080-exec-4] c.g.m.g.logging.LoggingAspect - Вызов метода: increment с аргументами: []
2025-05-03 17:09:10 INFO  [http-nio-8080-exec-4] c.g.m.g.logging.LoggingAspect - Метод increment успешно завершен. Возвращено: null
2025-05-03 17:09:10 INFO  [http-nio-8080-exec-5] c.g.m.g.logging.LoggingAspect - Вызов метода: increment с аргументами: []
2025-05-03 17:09:10 INFO  [http-nio-8080-exec-5] c.g.m.g.logging.LoggingAspect - Метод increment успешно завершен. Возвращено: null
2025-05-03 17:09:10 INFO  [http-nio-8080-exec-9] c.g.m.g.logging.LoggingAspect - Вызов метода: increment с аргументами: []
2025-05-03 17:09:10 INFO  [http-nio-8080-exec-9] c.g.m.g.logging.LoggingAspect - Метод increment успешно завершен. Возвращено: null
2025-05-03 17:09:11 INFO  [http-nio-8080-exec-10] c.g.m.g.logging.LoggingAspect - Вызов метода: increment с аргументами: []
2025-05-03 17:09:11 INFO  [http-nio-8080-exec-10] c.g.m.g.logging.LoggingAspect - Метод increment успешно завершен. Возвращено: null
2025-05-03 17:09:11 INFO  [http-nio-8080-exec-2] c.g.m.g.logging.LoggingAspect - Вызов метода: increment с аргументами: []
2025-05-03 17:09:11 INFO  [http-nio-8080-exec-2] c.g.m.g.logging.LoggingAspect - Метод increment успешно завершен. Возвращено: null
2025-05-03 17:09:11 INFO  [http-nio-8080-exec-4] c.g.m.g.logging.LoggingAspect - Вызов метода: increment с аргументами: []
2025-05-03 17:09:11 INFO  [http-nio-8080-exec-4] c.g.m.g.logging.LoggingAspect - Метод increment успешно завершен. Возвращено: null
2025-05-03 17:09:12 INFO  [http-nio-8080-exec-5] c.g.m.g.logging.LoggingAspect - Вызов метода: increment с аргументами: []
2025-05-03 17:09:12 INFO  [http-nio-8080-exec-5] c.g.m.g.logging.LoggingAspect - Метод increment успешно завершен. Возвращено: null
2025-05-03 17:09:12 INFO  [http-nio-8080-exec-9] c.g.m.g.logging.LoggingAspect - Вызов метода: increment с аргументами: []
2025-05-03 17:09:12 INFO  [http-nio-8080-exec-9] c.g.m.g.logging.LoggingAspect - Метод increment успешно завершен. Возвращено: null
2025-05-03 17:09:12 INFO  [http-nio-8080-exec-10] c.g.m.g.logging.LoggingAspect - Вызов метода: increment с аргументами: []
2025-05-03 17:09:12 INFO  [http-nio-8080-exec-10] c.g.m.g.logging.LoggingAspect - Метод increment успешно завершен. Возвращено: null
2025-05-03 17:09:12 INFO  [http-nio-8080-exec-2] c.g.m.g.logging.LoggingAspect - Вызов метода: increment с аргументами: []
2025-05-03 17:09:12 INFO  [http-nio-8080-exec-2] c.g.m.g.logging.LoggingAspect - Метод increment успешно завершен. Возвращено: null
2025-05-03 17:09:13 INFO  [http-nio-8080-exec-4] c.g.m.g.logging.LoggingAspect - Вызов метода: increment с аргументами: []
2025-05-03 17:09:13 INFO  [http-nio-8080-exec-4] c.g.m.g.logging.LoggingAspect - Метод increment успешно завершен. Возвращено: null
2025-05-03 17:09:13 INFO  [http-nio-8080-exec-5] c.g.m.g.logging.LoggingAspect - Вызов метода: increment с аргументами: []
2025-05-03 17:09:13 INFO  [http-nio-8080-exec-5] c.g.m.g.logging.LoggingAspect - Метод increment успешно завершен. Возвращено: null
2025-05-03 17:09:13 INFO  [http-nio-8080-exec-9] c.g.m.g.logging.LoggingAspect - Вызов метода: increment с аргументами: []
2025-05-03 17:09:13 INFO  [http-nio-8080-exec-9] c.g.m.g.logging.LoggingAspect - Метод increment успешно завершен. Возвращено: null
2025-05-03 17:09:14 INFO  [http-nio-8080-exec-10] c.g.m.g.logging.LoggingAspect - Вызов метода: increment с аргументами: []
2025-05-03 17:09:14 INFO  [http-nio-8080-exec-10] c.g.m.g.logging.LoggingAspect - Метод increment успешно завершен. Возвращено: null
2025-05-03 17:09:14 INFO  [http-nio-8080-exec-2] c.g.m.g.logging.LoggingAspect - Вызов метода: increment с аргументами: []
2025-05-03 17:09:14 INFO  [http-nio-8080-exec-2] c.g.m.g.logging.LoggingAspect - Метод increment успешно завершен. Возвращено: null
2025-05-03 17:09:14 INFO  [http-nio-8080-exec-4] c.g.m.g.logging.LoggingAspect - Вызов метода: increment с аргументами: []
2025-05-03 17:09:14 INFO  [http-nio-8080-exec-4] c.g.m.g.logging.LoggingAspect - Метод increment успешно завершен. Возвращено: null
2025-05-03 17:09:15 INFO  [http-nio-8080-exec-5] c.g.m.g.logging.LoggingAspect - Вызов метода: increment с аргументами: []
2025-05-03 17:09:15 INFO  [http-nio-8080-exec-5] c.g.m.g.logging.LoggingAspect - Метод increment успешно завершен. Возвращено: null
2025-05-03 17:09:15 INFO  [http-nio-8080-exec-9] c.g.m.g.logging.LoggingAspect - Вызов метода: increment с аргументами: []
2025-05-03 17:09:15 INFO  [http-nio-8080-exec-9] c.g.m.g.logging.LoggingAspect - Метод increment успешно завершен. Возвращено: null
2025-05-03 17:09:15 INFO  [http-nio-8080-exec-10] c.g.m.g.logging.LoggingAspect - Вызов метода: increment с аргументами: []
2025-05-03 17:09:15 INFO  [http-nio-8080-exec-10] c.g.m.g.logging.LoggingAspect - Метод increment успешно завершен. Возвращено: null
2025-05-03 17:09:15 INFO  [http-nio-8080-exec-2] c.g.m.g.logging.LoggingAspect - Вызов метода: increment с аргументами: []
2025-05-03 17:09:15 INFO  [http-nio-8080-exec-2] c.g.m.g.logging.LoggingAspect - Метод increment успешно завершен. Возвращено: null
2025-05-03 17:09:16 INFO  [http-nio-8080-exec-4] c.g.m.g.logging.LoggingAspect - Вызов метода: increment с аргументами: []
2025-05-03 17:09:16 INFO  [http-nio-8080-exec-4] c.g.m.g.logging.LoggingAspect - Метод increment успешно завершен. Возвращено: null
2025-05-03 17:09:16 INFO  [http-nio-8080-exec-5] c.g.m.g.logging.LoggingAspect - Вызов метода: increment с аргументами: []
2025-05-03 17:09:16 INFO  [http-nio-8080-exec-5] c.g.m.g.logging.LoggingAspect - Метод increment успешно завершен. Возвращено: null
2025-05-03 17:09:16 INFO  [http-nio-8080-exec-9] c.g.m.g.logging.LoggingAspect - Вызов метода: increment с аргументами: []
2025-05-03 17:09:16 INFO  [http-nio-8080-exec-9] c.g.m.g.logging.LoggingAspect - Метод increment успешно завершен. Возвращено: null
2025-05-03 17:09:17 INFO  [http-nio-8080-exec-10] c.g.m.g.logging.LoggingAspect - Вызов метода: increment с аргументами: []
2025-05-03 17:09:17 INFO  [http-nio-8080-exec-10] c.g.m.g.logging.LoggingAspect - Метод increment успешно завершен. Возвращено: null
2025-05-03 17:09:17 INFO  [http-nio-8080-exec-2] c.g.m.g.logging.LoggingAspect - Вызов метода: increment с аргументами: []
2025-05-03 17:09:17 INFO  [http-nio-8080-exec-2] c.g.m.g.logging.LoggingAspect - Метод increment успешно завершен. Возвращено: null
2025-05-03 17:09:17 INFO  [http-nio-8080-exec-4] c.g.m.g.logging.LoggingAspect - Вызов метода: increment с аргументами: []
2025-05-03 17:09:17 INFO  [http-nio-8080-exec-4] c.g.m.g.logging.LoggingAspect - Метод increment успешно завершен. Возвращено: null
2025-05-03 17:09:18 INFO  [http-nio-8080-exec-5] c.g.m.g.logging.LoggingAspect - Вызов метода: increment с аргументами: []
2025-05-03 17:09:18 INFO  [http-nio-8080-exec-5] c.g.m.g.logging.LoggingAspect - Метод increment успешно завершен. Возвращено: null
2025-05-03 17:09:18 INFO  [http-nio-8080-exec-9] c.g.m.g.logging.LoggingAspect - Вызов метода: increment с аргументами: []
2025-05-03 17:09:18 INFO  [http-nio-8080-exec-9] c.g.m.g.logging.LoggingAspect - Метод increment успешно завершен. Возвращено: null
2025-05-03 17:09:18 INFO  [http-nio-8080-exec-10] c.g.m.g.logging.LoggingAspect - Вызов метода: increment с аргументами: []
2025-05-03 17:09:18 INFO  [http-nio-8080-exec-10] c.g.m.g.logging.LoggingAspect - Метод increment успешно завершен. Возвращено: null
2025-05-03 17:09:18 INFO  [http-nio-8080-exec-2] c.g.m.g.logging.LoggingAspect - Вызов метода: increment с аргументами: []
2025-05-03 17:09:18 INFO  [http-nio-8080-exec-2] c.g.m.g.logging.LoggingAspect - Метод increment успешно завершен. Возвращено: null
2025-05-03 17:09:19 INFO  [http-nio-8080-exec-4] c.g.m.g.logging.LoggingAspect - Вызов метода: increment с аргументами: []
2025-05-03 17:09:19 INFO  [http-nio-8080-exec-4] c.g.m.g.logging.LoggingAspect - Метод increment успешно завершен. Возвращено: null
2025-05-03 17:09:19 INFO  [http-nio-8080-exec-5] c.g.m.g.logging.LoggingAspect - Вызов метода: increment с аргументами: []
2025-05-03 17:09:19 INFO  [http-nio-8080-exec-5] c.g.m.g.logging.LoggingAspect - Метод increment успешно завершен. Возвращено: null
2025-05-03 17:09:19 INFO  [http-nio-8080-exec-9] c.g.m.g.logging.LoggingAspect - Вызов метода: increment с аргументами: []
2025-05-03 17:09:19 INFO  [http-nio-8080-exec-9] c.g.m.g.logging.LoggingAspect - Метод increment успешно завершен. Возвращено: null
2025-05-03 17:09:20 INFO  [http-nio-8080-exec-10] c.g.m.g.logging.LoggingAspect - Вызов метода: increment с аргументами: []
2025-05-03 17:09:20 INFO  [http-nio-8080-exec-10] c.g.m.g.logging.LoggingAspect - Метод increment успешно завершен. Возвращено: null
2025-05-03 17:09:20 INFO  [http-nio-8080-exec-2] c.g.m.g.logging.LoggingAspect - Вызов метода: increment с аргументами: []
2025-05-03 17:09:20 INFO  [http-nio-8080-exec-2] c.g.m.g.logging.LoggingAspect - Метод increment успешно завершен. Возвращено: null
2025-05-03 17:09:20 INFO  [http-nio-8080-exec-4] c.g.m.g.logging.LoggingAspect - Вызов метода: increment с аргументами: []
2025-05-03 17:09:20 INFO  [http-nio-8080-exec-4] c.g.m.g.logging.LoggingAspect - Метод increment успешно завершен. Возвращено: null
2025-05-03 17:09:21 INFO  [http-nio-8080-exec-5] c.g.m.g.logging.LoggingAspect - Вызов метода: increment с аргументами: []
2025-05-03 17:09:21 INFO  [http-nio-8080-exec-5] c.g.m.g.logging.LoggingAspect - Метод increment успешно завершен. Возвращено: null
2025-05-03 17:09:21 INFO  [http-nio-8080-exec-9] c.g.m.g.logging.LoggingAspect - Вызов метода: increment с аргументами: []
2025-05-03 17:09:21 INFO  [http-nio-8080-exec-9] c.g.m.g.logging.LoggingAspect - Метод increment успешно завершен. Возвращено: null
2025-05-03 17:09:21 INFO  [http-nio-8080-exec-10] c.g.m.g.logging.LoggingAspect - Вызов метода: increment с аргументами: []
2025-05-03 17:09:21 INFO  [http-nio-8080-exec-10] c.g.m.g.logging.LoggingAspect - Метод increment успешно завершен. Возвращено: null
2025-05-03 17:09:21 INFO  [http-nio-8080-exec-1] c.g.m.g.logging.LoggingAspect - Вызов метода: increment с аргументами: []
2025-05-03 17:09:21 INFO  [http-nio-8080-exec-1] c.g.m.g.logging.LoggingAspect - Метод increment успешно завершен. Возвращено: null
2025-05-03 17:09:22 INFO  [http-nio-8080-exec-3] c.g.m.g.logging.LoggingAspect - Вызов метода: increment с аргументами: []
2025-05-03 17:09:22 INFO  [http-nio-8080-exec-3] c.g.m.g.logging.LoggingAspect - Метод increment успешно завершен. Возвращено: null
2025-05-03 17:09:22 INFO  [http-nio-8080-exec-6] c.g.m.g.logging.LoggingAspect - Вызов метода: increment с аргументами: []
2025-05-03 17:09:22 INFO  [http-nio-8080-exec-6] c.g.m.g.logging.LoggingAspect - Метод increment успешно завершен. Возвращено: null
2025-05-03 17:09:22 INFO  [http-nio-8080-exec-7] c.g.m.g.logging.LoggingAspect - Вызов метода: increment с аргументами: []
2025-05-03 17:09:22 INFO  [http-nio-8080-exec-7] c.g.m.g.logging.LoggingAspect - Метод increment успешно завершен. Возвращено: null
2025-05-03 17:09:23 INFO  [http-nio-8080-exec-8] c.g.m.g.logging.LoggingAspect - Вызов метода: increment с аргументами: []
2025-05-03 17:09:23 INFO  [http-nio-8080-exec-8] c.g.m.g.logging.LoggingAspect - Метод increment успешно завершен. Возвращено: null
2025-05-03 17:09:23 INFO  [http-nio-8080-exec-1] c.g.m.g.logging.LoggingAspect - Вызов метода: increment с аргументами: []
2025-05-03 17:09:23 INFO  [http-nio-8080-exec-1] c.g.m.g.logging.LoggingAspect - Метод increment успешно завершен. Возвращено: null
2025-05-03 17:09:27 INFO  [http-nio-8080-exec-4] c.g.m.g.logging.LoggingAspect - Вызов метода: getCount с аргументами: []
2025-05-03 17:09:27 INFO  [http-nio-8080-exec-4] c.g.m.g.logging.LoggingAspect - Метод getCount успешно завершен. Возвращено: 106
2025-05-03 17:18:52 INFO  [SpringApplicationShutdownHook] o.s.b.w.e.tomcat.GracefulShutdown - Commencing graceful shutdown. Waiting for active requests to complete
2025-05-03 17:18:52 INFO  [tomcat-shutdown] o.s.b.w.e.tomcat.GracefulShutdown - Graceful shutdown complete
2025-05-03 17:18:52 INFO  [SpringApplicationShutdownHook] o.s.o.j.LocalContainerEntityManagerFactoryBean - Closing JPA EntityManagerFactory for persistence unit 'default'
2025-05-03 17:18:52 INFO  [SpringApplicationShutdownHook] com.zaxxer.hikari.HikariDataSource - GymManagerHikariPool - Shutdown initiated...
2025-05-03 17:18:52 INFO  [SpringApplicationShutdownHook] com.zaxxer.hikari.HikariDataSource - GymManagerHikariPool - Shutdown completed.
