2025-04-30 15:39:06 INFO  [main] c.g.m.g.GymmanagerApplicationTests - Starting GymmanagerApplicationTests using Java 23.0.2 with PID 6376 (started by user in C:\Autodesk\Java\gymmanager)
2025-04-30 15:39:06 DEBUG [main] c.g.m.g.GymmanagerApplicationTests - Running with Spring Boot v3.4.4, Spring v6.2.5
2025-04-30 15:39:06 INFO  [main] c.g.m.g.GymmanagerApplicationTests - No active profile set, falling back to 1 default profile: "default"
2025-04-30 15:39:08 INFO  [main] o.s.d.r.c.RepositoryConfigurationDelegate - Bootstrapping Spring Data JPA repositories in DEFAULT mode.
2025-04-30 15:39:08 INFO  [main] o.s.d.r.c.RepositoryConfigurationDelegate - Finished Spring Data repository scanning in 115 ms. Found 4 JPA repository interfaces.
2025-04-30 15:39:10 INFO  [main] o.h.jpa.internal.util.LogHelper - HHH000204: Processing PersistenceUnitInfo [name: default]
2025-04-30 15:39:10 INFO  [main] org.hibernate.Version - HHH000412: Hibernate ORM core version 6.6.11.Final
2025-04-30 15:39:10 INFO  [main] o.h.c.i.RegionFactoryInitiator - HHH000026: Second-level cache disabled
2025-04-30 15:39:11 INFO  [main] o.s.o.j.p.SpringPersistenceUnitInfo - No LoadTimeWeaver setup: ignoring JPA class transformer
2025-04-30 15:39:11 INFO  [main] com.zaxxer.hikari.HikariDataSource - GymManagerHikariPool - Starting...
2025-04-30 15:39:11 INFO  [main] com.zaxxer.hikari.pool.HikariPool - GymManagerHikariPool - Added connection org.postgresql.jdbc.PgConnection@7e07d878
2025-04-30 15:39:11 INFO  [main] com.zaxxer.hikari.HikariDataSource - GymManagerHikariPool - Start completed.
2025-04-30 15:39:12 WARN  [main] org.hibernate.orm.deprecation - HHH90000025: PostgreSQLDialect does not need to be specified explicitly using 'hibernate.dialect' (remove the property setting and it will be selected by default)
2025-04-30 15:39:12 INFO  [main] o.hibernate.orm.connections.pooling - HHH10001005: Database info:
	Database JDBC URL [Connecting through datasource 'HikariDataSource (GymManagerHikariPool)']
	Database driver: undefined/unknown
	Database version: 17.4
	Autocommit mode: undefined/unknown
	Isolation level: undefined/unknown
	Minimum pool size: undefined/unknown
	Maximum pool size: undefined/unknown
2025-04-30 15:39:14 INFO  [main] o.h.e.t.j.p.i.JtaPlatformInitiator - HHH000489: No JTA platform available (set 'hibernate.transaction.jta.platform' to enable JTA platform integration)
2025-04-30 15:39:15 INFO  [main] o.s.o.j.LocalContainerEntityManagerFactoryBean - Initialized JPA EntityManagerFactory for persistence unit 'default'
2025-04-30 15:39:16 INFO  [main] o.s.d.j.r.query.QueryEnhancerFactory - Hibernate is in classpath; If applicable, HQL parser will be used.
2025-04-30 15:39:18 WARN  [main] o.s.b.a.o.j.JpaBaseConfiguration$JpaWebConfiguration - spring.jpa.open-in-view is enabled by default. Therefore, database queries may be performed during view rendering. Explicitly configure spring.jpa.open-in-view to disable this warning
2025-04-30 15:39:18 INFO  [main] o.s.v.b.OptionalValidatorFactoryBean - Failed to set up a Bean Validation provider: jakarta.validation.NoProviderFoundException: Unable to create a Configuration, because no Jakarta Bean Validation provider could be found. Add a provider like Hibernate Validator (RI) to your classpath.
2025-04-30 15:39:19 INFO  [main] c.g.m.g.GymmanagerApplicationTests - Started GymmanagerApplicationTests in 13.584 seconds (process running for 24.722)
2025-04-30 15:39:20 INFO  [SpringApplicationShutdownHook] o.s.o.j.LocalContainerEntityManagerFactoryBean - Closing JPA EntityManagerFactory for persistence unit 'default'
2025-04-30 15:39:20 INFO  [SpringApplicationShutdownHook] com.zaxxer.hikari.HikariDataSource - GymManagerHikariPool - Shutdown initiated...
2025-04-30 15:39:20 INFO  [SpringApplicationShutdownHook] com.zaxxer.hikari.HikariDataSource - GymManagerHikariPool - Shutdown completed.
